<?xml version="1.0" encoding="UTF-8"?>
<testng-results ignored="0" total="1" passed="1" failed="0" skipped="0">
  <reporter-output>
  </reporter-output>
  <suite started-at="2021-06-16T17:37:52Z" name="Default suite" finished-at="2021-06-16T17:38:04Z" duration-ms="12088">
    <groups>
    </groups>
    <test started-at="2021-06-16T17:37:52Z" name="Default test" finished-at="2021-06-16T17:38:04Z" duration-ms="12088">
      <class name="SeleniumF1.GoogleSearchPMO">
        <test-method is-config="true" signature="SetupTest()[pri:0, instance:SeleniumF1.GoogleSearchPMO@6d4d66d2]" started-at="2021-06-16T23:07:52Z" name="SetupTest" finished-at="2021-06-16T23:07:58Z" duration-ms="6056" status="PASS">
          <reporter-output>
          </reporter-output>
        </test-method> <!-- SetupTest -->
        <test-method signature="TestExecution()[pri:0, instance:SeleniumF1.GoogleSearchPMO@6d4d66d2]" started-at="2021-06-16T23:07:58Z" name="TestExecution" finished-at="2021-06-16T23:08:03Z" duration-ms="5556" status="PASS">
          <reporter-output>
          </reporter-output>
        </test-method> <!-- TestExecution -->
        <test-method is-config="true" signature="tearDown()[pri:0, instance:SeleniumF1.GoogleSearchPMO@6d4d66d2]" started-at="2021-06-16T23:08:03Z" name="tearDown" finished-at="2021-06-16T23:08:04Z" duration-ms="422" status="PASS">
          <reporter-output>
          </reporter-output>
        </test-method> <!-- tearDown -->
      </class> <!-- SeleniumF1.GoogleSearchPMO -->
    </test> <!-- Default test -->
  </suite> <!-- Default suite -->
</testng-results>
